2022-10-18 14:51:09.809 [main] INFO  com.xzkj.smsService.OperatorApplication - The following profiles are active: dev
2022-10-18 14:51:11.147 [main] INFO  o.s.d.r.config.RepositoryConfigurationDelegate - Multiple Spring Data modules found, entering strict repository configuration mode!
2022-10-18 14:51:11.154 [main] INFO  o.s.d.r.config.RepositoryConfigurationDelegate - Bootstrapping Spring Data repositories in DEFAULT mode.
2022-10-18 14:51:11.218 [main] INFO  o.s.d.r.config.RepositoryConfigurationDelegate - Finished Spring Data repository scanning in 21ms. Found 0 repository interfaces.
2022-10-18 14:51:11.724 [main] INFO  o.springframework.cloud.context.scope.GenericScope - BeanFactory id=41fc20b6-83d3-368a-82c5-b26530378a0f
2022-10-18 14:51:12.224 [main] INFO  o.s.c.s.PostProcessorRegistrationDelegate$BeanPostProcessorChecker - Bean 'org.springframework.transaction.annotation.ProxyTransactionManagementConfiguration' of type [org.springframework.transaction.annotation.ProxyTransactionManagementConfiguration] is not eligible for getting processed by all BeanPostProcessors (for example: not eligible for auto-proxying)
2022-10-18 14:51:12.393 [main] INFO  o.s.b.a.l.ConditionEvaluationReportLoggingListener - 

Error starting ApplicationContext. To display the conditions report re-run your application with 'debug' enabled.
2022-10-18 14:52:29.803 [main] INFO  com.xzkj.smsService.OperatorApplication - The following profiles are active: dev
2022-10-18 14:52:31.053 [main] INFO  o.s.d.r.config.RepositoryConfigurationDelegate - Multiple Spring Data modules found, entering strict repository configuration mode!
2022-10-18 14:52:31.060 [main] INFO  o.s.d.r.config.RepositoryConfigurationDelegate - Bootstrapping Spring Data repositories in DEFAULT mode.
2022-10-18 14:52:31.115 [main] INFO  o.s.d.r.config.RepositoryConfigurationDelegate - Finished Spring Data repository scanning in 19ms. Found 0 repository interfaces.
2022-10-18 14:52:31.624 [main] INFO  o.springframework.cloud.context.scope.GenericScope - BeanFactory id=41fc20b6-83d3-368a-82c5-b26530378a0f
2022-10-18 14:52:32.072 [main] INFO  o.s.c.s.PostProcessorRegistrationDelegate$BeanPostProcessorChecker - Bean 'org.springframework.transaction.annotation.ProxyTransactionManagementConfiguration' of type [org.springframework.transaction.annotation.ProxyTransactionManagementConfiguration] is not eligible for getting processed by all BeanPostProcessors (for example: not eligible for auto-proxying)
2022-10-18 14:52:32.473 [main] INFO  o.s.c.s.PostProcessorRegistrationDelegate$BeanPostProcessorChecker - Bean 'org.springframework.cloud.autoconfigure.ConfigurationPropertiesRebinderAutoConfiguration' of type [org.springframework.cloud.autoconfigure.ConfigurationPropertiesRebinderAutoConfiguration] is not eligible for getting processed by all BeanPostProcessors (for example: not eligible for auto-proxying)
2022-10-18 14:52:33.449 [main] INFO  o.s.boot.web.embedded.tomcat.TomcatWebServer - Tomcat initialized with port(s): 8082 (http)
2022-10-18 14:52:33.506 [main] INFO  org.apache.coyote.http11.Http11NioProtocol - Initializing ProtocolHandler ["http-nio-8082"]
2022-10-18 14:52:33.507 [main] INFO  org.apache.catalina.core.StandardService - Starting service [Tomcat]
2022-10-18 14:52:33.507 [main] INFO  org.apache.catalina.core.StandardEngine - Starting Servlet engine: [Apache Tomcat/9.0.27]
2022-10-18 14:52:33.795 [main] INFO  o.a.c.c.ContainerBase.[Tomcat].[localhost].[/base] - Initializing Spring embedded WebApplicationContext
2022-10-18 14:52:33.796 [main] INFO  org.springframework.web.context.ContextLoader - Root WebApplicationContext: initialization completed in 3958 ms
2022-10-18 14:52:34.558 [main] INFO  com.alibaba.druid.pool.DruidDataSource - {dataSource-1} inited
2022-10-18 14:52:34.749 [Druid-ConnectionPool-Create-2076028753] INFO  com.alibaba.druid.pool.DruidAbstractDataSource - {dataSource-1} failContinuous is true
2022-10-18 14:58:21.785 [main] INFO  com.xzkj.smsService.OperatorApplication - The following profiles are active: dev
2022-10-18 14:58:23.091 [main] INFO  o.s.d.r.config.RepositoryConfigurationDelegate - Multiple Spring Data modules found, entering strict repository configuration mode!
2022-10-18 14:58:23.104 [main] INFO  o.s.d.r.config.RepositoryConfigurationDelegate - Bootstrapping Spring Data repositories in DEFAULT mode.
2022-10-18 14:58:23.162 [main] INFO  o.s.d.r.config.RepositoryConfigurationDelegate - Finished Spring Data repository scanning in 21ms. Found 0 repository interfaces.
2022-10-18 14:58:23.713 [main] INFO  o.springframework.cloud.context.scope.GenericScope - BeanFactory id=dbde734c-db92-3603-9938-64559c36198f
2022-10-18 14:58:24.315 [main] INFO  o.s.c.s.PostProcessorRegistrationDelegate$BeanPostProcessorChecker - Bean 'org.springframework.transaction.annotation.ProxyTransactionManagementConfiguration' of type [org.springframework.transaction.annotation.ProxyTransactionManagementConfiguration] is not eligible for getting processed by all BeanPostProcessors (for example: not eligible for auto-proxying)
2022-10-18 14:58:24.598 [main] INFO  o.s.c.s.PostProcessorRegistrationDelegate$BeanPostProcessorChecker - Bean 'org.springframework.cloud.autoconfigure.ConfigurationPropertiesRebinderAutoConfiguration' of type [org.springframework.cloud.autoconfigure.ConfigurationPropertiesRebinderAutoConfiguration] is not eligible for getting processed by all BeanPostProcessors (for example: not eligible for auto-proxying)
2022-10-18 14:58:25.323 [main] INFO  o.s.boot.web.embedded.tomcat.TomcatWebServer - Tomcat initialized with port(s): 8082 (http)
2022-10-18 14:58:25.345 [main] INFO  org.apache.coyote.http11.Http11NioProtocol - Initializing ProtocolHandler ["http-nio-8082"]
2022-10-18 14:58:25.346 [main] INFO  org.apache.catalina.core.StandardService - Starting service [Tomcat]
2022-10-18 14:58:25.347 [main] INFO  org.apache.catalina.core.StandardEngine - Starting Servlet engine: [Apache Tomcat/9.0.27]
2022-10-18 14:58:25.548 [main] INFO  o.a.c.c.ContainerBase.[Tomcat].[localhost].[/base] - Initializing Spring embedded WebApplicationContext
2022-10-18 14:58:25.550 [main] INFO  org.springframework.web.context.ContextLoader - Root WebApplicationContext: initialization completed in 3709 ms
2022-10-18 14:58:26.238 [main] INFO  com.alibaba.druid.pool.DruidDataSource - {dataSource-1} inited
2022-10-18 14:58:26.363 [Druid-ConnectionPool-Create-1317395634] INFO  com.alibaba.druid.pool.DruidAbstractDataSource - {dataSource-1} failContinuous is true
2022-10-18 15:01:49.408 [main] INFO  com.xzkj.smsService.OperatorApplication - The following profiles are active: dev
2022-10-18 15:01:50.473 [main] INFO  o.s.d.r.config.RepositoryConfigurationDelegate - Multiple Spring Data modules found, entering strict repository configuration mode!
2022-10-18 15:01:50.476 [main] INFO  o.s.d.r.config.RepositoryConfigurationDelegate - Bootstrapping Spring Data repositories in DEFAULT mode.
2022-10-18 15:01:50.524 [main] INFO  o.s.d.r.config.RepositoryConfigurationDelegate - Finished Spring Data repository scanning in 21ms. Found 0 repository interfaces.
2022-10-18 15:01:51.011 [main] INFO  o.springframework.cloud.context.scope.GenericScope - BeanFactory id=dbde734c-db92-3603-9938-64559c36198f
2022-10-18 15:01:51.478 [main] INFO  o.s.c.s.PostProcessorRegistrationDelegate$BeanPostProcessorChecker - Bean 'org.springframework.transaction.annotation.ProxyTransactionManagementConfiguration' of type [org.springframework.transaction.annotation.ProxyTransactionManagementConfiguration] is not eligible for getting processed by all BeanPostProcessors (for example: not eligible for auto-proxying)
2022-10-18 15:01:51.709 [main] INFO  o.s.c.s.PostProcessorRegistrationDelegate$BeanPostProcessorChecker - Bean 'org.springframework.cloud.autoconfigure.ConfigurationPropertiesRebinderAutoConfiguration' of type [org.springframework.cloud.autoconfigure.ConfigurationPropertiesRebinderAutoConfiguration] is not eligible for getting processed by all BeanPostProcessors (for example: not eligible for auto-proxying)
2022-10-18 15:01:52.266 [main] INFO  o.s.boot.web.embedded.tomcat.TomcatWebServer - Tomcat initialized with port(s): 8081 (http)
2022-10-18 15:01:52.284 [main] INFO  org.apache.coyote.http11.Http11NioProtocol - Initializing ProtocolHandler ["http-nio-8081"]
2022-10-18 15:01:52.286 [main] INFO  org.apache.catalina.core.StandardService - Starting service [Tomcat]
2022-10-18 15:01:52.286 [main] INFO  org.apache.catalina.core.StandardEngine - Starting Servlet engine: [Apache Tomcat/9.0.27]
2022-10-18 15:01:52.431 [main] INFO  o.a.c.c.ContainerBase.[Tomcat].[localhost].[/base] - Initializing Spring embedded WebApplicationContext
2022-10-18 15:01:52.431 [main] INFO  org.springframework.web.context.ContextLoader - Root WebApplicationContext: initialization completed in 2989 ms
2022-10-18 15:01:53.046 [main] INFO  com.alibaba.druid.pool.DruidDataSource - {dataSource-1} inited
2022-10-18 15:01:53.141 [Druid-ConnectionPool-Create-1203022979] INFO  com.alibaba.druid.pool.DruidAbstractDataSource - {dataSource-1} failContinuous is true
2022-10-18 15:05:12.489 [main] INFO  com.xzkj.smsService.OperatorApplication - The following profiles are active: dev
2022-10-18 15:05:13.522 [main] INFO  o.s.d.r.config.RepositoryConfigurationDelegate - Multiple Spring Data modules found, entering strict repository configuration mode!
2022-10-18 15:05:13.534 [main] INFO  o.s.d.r.config.RepositoryConfigurationDelegate - Bootstrapping Spring Data repositories in DEFAULT mode.
2022-10-18 15:05:13.584 [main] INFO  o.s.d.r.config.RepositoryConfigurationDelegate - Finished Spring Data repository scanning in 22ms. Found 0 repository interfaces.
2022-10-18 15:05:14.098 [main] INFO  o.springframework.cloud.context.scope.GenericScope - BeanFactory id=dbde734c-db92-3603-9938-64559c36198f
2022-10-18 15:05:14.694 [main] INFO  o.s.c.s.PostProcessorRegistrationDelegate$BeanPostProcessorChecker - Bean 'org.springframework.transaction.annotation.ProxyTransactionManagementConfiguration' of type [org.springframework.transaction.annotation.ProxyTransactionManagementConfiguration] is not eligible for getting processed by all BeanPostProcessors (for example: not eligible for auto-proxying)
2022-10-18 15:05:14.972 [main] INFO  o.s.c.s.PostProcessorRegistrationDelegate$BeanPostProcessorChecker - Bean 'org.springframework.cloud.autoconfigure.ConfigurationPropertiesRebinderAutoConfiguration' of type [org.springframework.cloud.autoconfigure.ConfigurationPropertiesRebinderAutoConfiguration] is not eligible for getting processed by all BeanPostProcessors (for example: not eligible for auto-proxying)
2022-10-18 15:05:15.620 [main] INFO  o.s.boot.web.embedded.tomcat.TomcatWebServer - Tomcat initialized with port(s): 8081 (http)
2022-10-18 15:05:15.641 [main] INFO  org.apache.coyote.http11.Http11NioProtocol - Initializing ProtocolHandler ["http-nio-8081"]
2022-10-18 15:05:15.642 [main] INFO  org.apache.catalina.core.StandardService - Starting service [Tomcat]
2022-10-18 15:05:15.642 [main] INFO  org.apache.catalina.core.StandardEngine - Starting Servlet engine: [Apache Tomcat/9.0.27]
2022-10-18 15:05:15.809 [main] INFO  o.a.c.c.ContainerBase.[Tomcat].[localhost].[/base] - Initializing Spring embedded WebApplicationContext
2022-10-18 15:05:15.810 [main] INFO  org.springframework.web.context.ContextLoader - Root WebApplicationContext: initialization completed in 3284 ms
2022-10-18 15:05:16.458 [main] INFO  com.alibaba.druid.pool.DruidDataSource - {dataSource-1} inited
2022-10-18 15:05:16.564 [Druid-ConnectionPool-Create-566447096] INFO  com.alibaba.druid.pool.DruidAbstractDataSource - {dataSource-1} failContinuous is true
2022-10-18 15:08:48.983 [main] INFO  com.xzkj.smsService.OperatorApplication - The following profiles are active: dev
2022-10-18 15:08:50.159 [main] INFO  o.s.d.r.config.RepositoryConfigurationDelegate - Multiple Spring Data modules found, entering strict repository configuration mode!
2022-10-18 15:08:50.162 [main] INFO  o.s.d.r.config.RepositoryConfigurationDelegate - Bootstrapping Spring Data repositories in DEFAULT mode.
2022-10-18 15:08:50.211 [main] INFO  o.s.d.r.config.RepositoryConfigurationDelegate - Finished Spring Data repository scanning in 25ms. Found 0 repository interfaces.
2022-10-18 15:08:50.741 [main] INFO  o.springframework.cloud.context.scope.GenericScope - BeanFactory id=dbde734c-db92-3603-9938-64559c36198f
2022-10-18 15:08:51.203 [main] INFO  o.s.c.s.PostProcessorRegistrationDelegate$BeanPostProcessorChecker - Bean 'org.springframework.transaction.annotation.ProxyTransactionManagementConfiguration' of type [org.springframework.transaction.annotation.ProxyTransactionManagementConfiguration] is not eligible for getting processed by all BeanPostProcessors (for example: not eligible for auto-proxying)
2022-10-18 15:08:51.475 [main] INFO  o.s.c.s.PostProcessorRegistrationDelegate$BeanPostProcessorChecker - Bean 'org.springframework.cloud.autoconfigure.ConfigurationPropertiesRebinderAutoConfiguration' of type [org.springframework.cloud.autoconfigure.ConfigurationPropertiesRebinderAutoConfiguration] is not eligible for getting processed by all BeanPostProcessors (for example: not eligible for auto-proxying)
2022-10-18 15:08:52.132 [main] INFO  o.s.boot.web.embedded.tomcat.TomcatWebServer - Tomcat initialized with port(s): 8081 (http)
2022-10-18 15:08:52.151 [main] INFO  org.apache.coyote.http11.Http11NioProtocol - Initializing ProtocolHandler ["http-nio-8081"]
2022-10-18 15:08:52.153 [main] INFO  org.apache.catalina.core.StandardService - Starting service [Tomcat]
2022-10-18 15:08:52.153 [main] INFO  org.apache.catalina.core.StandardEngine - Starting Servlet engine: [Apache Tomcat/9.0.27]
2022-10-18 15:08:52.322 [main] INFO  o.a.c.c.ContainerBase.[Tomcat].[localhost].[/base] - Initializing Spring embedded WebApplicationContext
2022-10-18 15:08:52.323 [main] INFO  org.springframework.web.context.ContextLoader - Root WebApplicationContext: initialization completed in 3294 ms
2022-10-18 15:08:52.988 [main] INFO  com.alibaba.druid.pool.DruidDataSource - {dataSource-1} inited
2022-10-18 15:08:53.096 [Druid-ConnectionPool-Create-1424029551] INFO  com.alibaba.druid.pool.DruidAbstractDataSource - {dataSource-1} failContinuous is true
2022-10-18 15:13:16.874 [main] INFO  com.xzkj.smsService.OperatorApplication - The following profiles are active: dev
2022-10-18 15:13:17.974 [main] INFO  o.s.d.r.config.RepositoryConfigurationDelegate - Multiple Spring Data modules found, entering strict repository configuration mode!
2022-10-18 15:13:17.980 [main] INFO  o.s.d.r.config.RepositoryConfigurationDelegate - Bootstrapping Spring Data repositories in DEFAULT mode.
2022-10-18 15:13:18.027 [main] INFO  o.s.d.r.config.RepositoryConfigurationDelegate - Finished Spring Data repository scanning in 19ms. Found 0 repository interfaces.
2022-10-18 15:13:18.533 [main] INFO  o.springframework.cloud.context.scope.GenericScope - BeanFactory id=dbde734c-db92-3603-9938-64559c36198f
2022-10-18 15:13:18.978 [main] INFO  o.s.c.s.PostProcessorRegistrationDelegate$BeanPostProcessorChecker - Bean 'org.springframework.transaction.annotation.ProxyTransactionManagementConfiguration' of type [org.springframework.transaction.annotation.ProxyTransactionManagementConfiguration] is not eligible for getting processed by all BeanPostProcessors (for example: not eligible for auto-proxying)
2022-10-18 15:13:19.223 [main] INFO  o.s.c.s.PostProcessorRegistrationDelegate$BeanPostProcessorChecker - Bean 'org.springframework.cloud.autoconfigure.ConfigurationPropertiesRebinderAutoConfiguration' of type [org.springframework.cloud.autoconfigure.ConfigurationPropertiesRebinderAutoConfiguration] is not eligible for getting processed by all BeanPostProcessors (for example: not eligible for auto-proxying)
2022-10-18 15:13:19.788 [main] INFO  o.s.boot.web.embedded.tomcat.TomcatWebServer - Tomcat initialized with port(s): 8081 (http)
2022-10-18 15:13:19.807 [main] INFO  org.apache.coyote.http11.Http11NioProtocol - Initializing ProtocolHandler ["http-nio-8081"]
2022-10-18 15:13:19.809 [main] INFO  org.apache.catalina.core.StandardService - Starting service [Tomcat]
2022-10-18 15:13:19.809 [main] INFO  org.apache.catalina.core.StandardEngine - Starting Servlet engine: [Apache Tomcat/9.0.27]
2022-10-18 15:13:19.954 [main] INFO  o.a.c.c.ContainerBase.[Tomcat].[localhost].[/base] - Initializing Spring embedded WebApplicationContext
2022-10-18 15:13:19.955 [main] INFO  org.springframework.web.context.ContextLoader - Root WebApplicationContext: initialization completed in 3049 ms
2022-10-18 15:13:20.612 [main] INFO  com.alibaba.druid.pool.DruidDataSource - {dataSource-1} inited
2022-10-18 15:13:20.713 [Druid-ConnectionPool-Create-1455871253] INFO  com.alibaba.druid.pool.DruidAbstractDataSource - {dataSource-1} failContinuous is true
2022-10-18 15:13:56.525 [main] INFO  com.xzkj.smsService.OperatorApplication - The following profiles are active: dev
2022-10-18 15:13:57.601 [main] INFO  o.s.d.r.config.RepositoryConfigurationDelegate - Multiple Spring Data modules found, entering strict repository configuration mode!
2022-10-18 15:13:57.605 [main] INFO  o.s.d.r.config.RepositoryConfigurationDelegate - Bootstrapping Spring Data repositories in DEFAULT mode.
2022-10-18 15:13:57.646 [main] INFO  o.s.d.r.config.RepositoryConfigurationDelegate - Finished Spring Data repository scanning in 19ms. Found 0 repository interfaces.
2022-10-18 15:13:58.157 [main] INFO  o.springframework.cloud.context.scope.GenericScope - BeanFactory id=dbde734c-db92-3603-9938-64559c36198f
2022-10-18 15:13:58.604 [main] INFO  o.s.c.s.PostProcessorRegistrationDelegate$BeanPostProcessorChecker - Bean 'org.springframework.transaction.annotation.ProxyTransactionManagementConfiguration' of type [org.springframework.transaction.annotation.ProxyTransactionManagementConfiguration] is not eligible for getting processed by all BeanPostProcessors (for example: not eligible for auto-proxying)
2022-10-18 15:13:58.832 [main] INFO  o.s.c.s.PostProcessorRegistrationDelegate$BeanPostProcessorChecker - Bean 'org.springframework.cloud.autoconfigure.ConfigurationPropertiesRebinderAutoConfiguration' of type [org.springframework.cloud.autoconfigure.ConfigurationPropertiesRebinderAutoConfiguration] is not eligible for getting processed by all BeanPostProcessors (for example: not eligible for auto-proxying)
2022-10-18 15:13:59.393 [main] INFO  o.s.boot.web.embedded.tomcat.TomcatWebServer - Tomcat initialized with port(s): 8081 (http)
2022-10-18 15:13:59.413 [main] INFO  org.apache.coyote.http11.Http11NioProtocol - Initializing ProtocolHandler ["http-nio-8081"]
2022-10-18 15:13:59.414 [main] INFO  org.apache.catalina.core.StandardService - Starting service [Tomcat]
2022-10-18 15:13:59.414 [main] INFO  org.apache.catalina.core.StandardEngine - Starting Servlet engine: [Apache Tomcat/9.0.27]
2022-10-18 15:13:59.557 [main] INFO  o.a.c.c.ContainerBase.[Tomcat].[localhost].[/base] - Initializing Spring embedded WebApplicationContext
2022-10-18 15:13:59.558 [main] INFO  org.springframework.web.context.ContextLoader - Root WebApplicationContext: initialization completed in 2997 ms
2022-10-18 15:14:00.167 [main] INFO  com.alibaba.druid.pool.DruidDataSource - {dataSource-1} inited
2022-10-18 15:14:00.263 [Druid-ConnectionPool-Create-1773944868] INFO  com.alibaba.druid.pool.DruidAbstractDataSource - {dataSource-1} failContinuous is true
2022-10-18 15:17:42.281 [main] INFO  com.xzkj.smsService.OperatorApplication - The following profiles are active: dev
2022-10-18 15:17:44.073 [main] INFO  o.s.d.r.config.RepositoryConfigurationDelegate - Multiple Spring Data modules found, entering strict repository configuration mode!
2022-10-18 15:17:44.084 [main] INFO  o.s.d.r.config.RepositoryConfigurationDelegate - Bootstrapping Spring Data repositories in DEFAULT mode.
2022-10-18 15:17:44.169 [main] INFO  o.s.d.r.config.RepositoryConfigurationDelegate - Finished Spring Data repository scanning in 49ms. Found 0 repository interfaces.
2022-10-18 15:17:45.682 [main] INFO  o.springframework.cloud.context.scope.GenericScope - BeanFactory id=dbde734c-db92-3603-9938-64559c36198f
2022-10-18 15:17:46.323 [main] INFO  o.s.c.s.PostProcessorRegistrationDelegate$BeanPostProcessorChecker - Bean 'org.springframework.transaction.annotation.ProxyTransactionManagementConfiguration' of type [org.springframework.transaction.annotation.ProxyTransactionManagementConfiguration] is not eligible for getting processed by all BeanPostProcessors (for example: not eligible for auto-proxying)
2022-10-18 15:17:46.726 [main] INFO  o.s.c.s.PostProcessorRegistrationDelegate$BeanPostProcessorChecker - Bean 'org.springframework.cloud.autoconfigure.ConfigurationPropertiesRebinderAutoConfiguration' of type [org.springframework.cloud.autoconfigure.ConfigurationPropertiesRebinderAutoConfiguration] is not eligible for getting processed by all BeanPostProcessors (for example: not eligible for auto-proxying)
2022-10-18 15:17:47.687 [main] INFO  o.s.boot.web.embedded.tomcat.TomcatWebServer - Tomcat initialized with port(s): 8081 (http)
2022-10-18 15:17:47.705 [main] INFO  org.apache.coyote.http11.Http11NioProtocol - Initializing ProtocolHandler ["http-nio-8081"]
2022-10-18 15:17:47.707 [main] INFO  org.apache.catalina.core.StandardService - Starting service [Tomcat]
2022-10-18 15:17:47.707 [main] INFO  org.apache.catalina.core.StandardEngine - Starting Servlet engine: [Apache Tomcat/9.0.27]
2022-10-18 15:17:47.970 [main] INFO  o.a.c.c.ContainerBase.[Tomcat].[localhost].[/base] - Initializing Spring embedded WebApplicationContext
2022-10-18 15:17:47.970 [main] INFO  org.springframework.web.context.ContextLoader - Root WebApplicationContext: initialization completed in 5638 ms
2022-10-18 15:17:48.895 [main] INFO  com.alibaba.druid.pool.DruidDataSource - {dataSource-1} inited
2022-10-18 15:17:49.075 [Druid-ConnectionPool-Create-1842580978] INFO  com.alibaba.druid.pool.DruidAbstractDataSource - {dataSource-1} failContinuous is true
2022-10-18 15:23:43.557 [main] INFO  com.xzkj.smsService.OperatorApplication - The following profiles are active: dev
2022-10-18 15:23:44.671 [main] INFO  o.s.d.r.config.RepositoryConfigurationDelegate - Multiple Spring Data modules found, entering strict repository configuration mode!
2022-10-18 15:23:44.675 [main] INFO  o.s.d.r.config.RepositoryConfigurationDelegate - Bootstrapping Spring Data repositories in DEFAULT mode.
2022-10-18 15:23:44.724 [main] INFO  o.s.d.r.config.RepositoryConfigurationDelegate - Finished Spring Data repository scanning in 21ms. Found 0 repository interfaces.
2022-10-18 15:23:45.177 [main] INFO  o.springframework.cloud.context.scope.GenericScope - BeanFactory id=dbde734c-db92-3603-9938-64559c36198f
2022-10-18 15:23:45.659 [main] INFO  o.s.c.s.PostProcessorRegistrationDelegate$BeanPostProcessorChecker - Bean 'org.springframework.transaction.annotation.ProxyTransactionManagementConfiguration' of type [org.springframework.transaction.annotation.ProxyTransactionManagementConfiguration] is not eligible for getting processed by all BeanPostProcessors (for example: not eligible for auto-proxying)
2022-10-18 15:23:45.892 [main] INFO  o.s.c.s.PostProcessorRegistrationDelegate$BeanPostProcessorChecker - Bean 'org.springframework.cloud.autoconfigure.ConfigurationPropertiesRebinderAutoConfiguration' of type [org.springframework.cloud.autoconfigure.ConfigurationPropertiesRebinderAutoConfiguration] is not eligible for getting processed by all BeanPostProcessors (for example: not eligible for auto-proxying)
2022-10-18 15:23:46.442 [main] INFO  o.s.boot.web.embedded.tomcat.TomcatWebServer - Tomcat initialized with port(s): 8081 (http)
2022-10-18 15:23:46.463 [main] INFO  org.apache.coyote.http11.Http11NioProtocol - Initializing ProtocolHandler ["http-nio-8081"]
2022-10-18 15:23:46.464 [main] INFO  org.apache.catalina.core.StandardService - Starting service [Tomcat]
2022-10-18 15:23:46.465 [main] INFO  org.apache.catalina.core.StandardEngine - Starting Servlet engine: [Apache Tomcat/9.0.27]
2022-10-18 15:23:46.609 [main] INFO  o.a.c.c.ContainerBase.[Tomcat].[localhost].[/base] - Initializing Spring embedded WebApplicationContext
2022-10-18 15:23:46.609 [main] INFO  org.springframework.web.context.ContextLoader - Root WebApplicationContext: initialization completed in 3018 ms
2022-10-18 15:23:47.241 [main] INFO  com.alibaba.druid.pool.DruidDataSource - {dataSource-1} inited
2022-10-18 15:23:47.476 [Druid-ConnectionPool-Create-1779202806] INFO  com.alibaba.druid.pool.DruidAbstractDataSource - {dataSource-1} failContinuous is true
2022-10-18 15:27:49.596 [main] INFO  com.xzkj.smsService.OperatorApplication - The following profiles are active: dev
2022-10-18 15:27:50.690 [main] INFO  o.s.d.r.config.RepositoryConfigurationDelegate - Multiple Spring Data modules found, entering strict repository configuration mode!
2022-10-18 15:27:50.694 [main] INFO  o.s.d.r.config.RepositoryConfigurationDelegate - Bootstrapping Spring Data repositories in DEFAULT mode.
2022-10-18 15:27:50.746 [main] INFO  o.s.d.r.config.RepositoryConfigurationDelegate - Finished Spring Data repository scanning in 22ms. Found 0 repository interfaces.
2022-10-18 15:27:51.276 [main] INFO  o.springframework.cloud.context.scope.GenericScope - BeanFactory id=dbde734c-db92-3603-9938-64559c36198f
2022-10-18 15:27:51.813 [main] INFO  o.s.c.s.PostProcessorRegistrationDelegate$BeanPostProcessorChecker - Bean 'org.springframework.transaction.annotation.ProxyTransactionManagementConfiguration' of type [org.springframework.transaction.annotation.ProxyTransactionManagementConfiguration] is not eligible for getting processed by all BeanPostProcessors (for example: not eligible for auto-proxying)
2022-10-18 15:27:52.064 [main] INFO  o.s.c.s.PostProcessorRegistrationDelegate$BeanPostProcessorChecker - Bean 'org.springframework.cloud.autoconfigure.ConfigurationPropertiesRebinderAutoConfiguration' of type [org.springframework.cloud.autoconfigure.ConfigurationPropertiesRebinderAutoConfiguration] is not eligible for getting processed by all BeanPostProcessors (for example: not eligible for auto-proxying)
2022-10-18 15:27:52.655 [main] INFO  o.s.boot.web.embedded.tomcat.TomcatWebServer - Tomcat initialized with port(s): 8081 (http)
2022-10-18 15:27:52.675 [main] INFO  org.apache.coyote.http11.Http11NioProtocol - Initializing ProtocolHandler ["http-nio-8081"]
2022-10-18 15:27:52.676 [main] INFO  org.apache.catalina.core.StandardService - Starting service [Tomcat]
2022-10-18 15:27:52.677 [main] INFO  org.apache.catalina.core.StandardEngine - Starting Servlet engine: [Apache Tomcat/9.0.27]
2022-10-18 15:27:52.832 [main] INFO  o.a.c.c.ContainerBase.[Tomcat].[localhost].[/base] - Initializing Spring embedded WebApplicationContext
2022-10-18 15:27:52.833 [main] INFO  org.springframework.web.context.ContextLoader - Root WebApplicationContext: initialization completed in 3203 ms
2022-10-18 15:27:53.484 [main] INFO  com.alibaba.druid.pool.DruidDataSource - {dataSource-1} inited
2022-10-18 15:27:53.585 [Druid-ConnectionPool-Create-249283263] INFO  com.alibaba.druid.pool.DruidAbstractDataSource - {dataSource-1} failContinuous is true
2022-10-18 15:41:02.871 [main] INFO  com.xzkj.smsService.OperatorApplication - Starting SmsApplication on localhost with PID 2965 (/Users/yoca-391/Desktop/works/csp_5G/service/service_sms/target/classes started by yoca-391 in /Users/yoca-391/Desktop/works/csp_5G)
2022-10-18 15:41:02.877 [main] INFO  com.xzkj.smsService.OperatorApplication - The following profiles are active: dev
2022-10-18 15:41:04.245 [main] INFO  o.s.d.r.config.RepositoryConfigurationDelegate - Multiple Spring Data modules found, entering strict repository configuration mode!
2022-10-18 15:41:04.251 [main] INFO  o.s.d.r.config.RepositoryConfigurationDelegate - Bootstrapping Spring Data repositories in DEFAULT mode.
2022-10-18 15:41:04.313 [main] INFO  o.s.d.r.config.RepositoryConfigurationDelegate - Finished Spring Data repository scanning in 20ms. Found 0 repository interfaces.
2022-10-18 15:41:04.969 [main] INFO  o.s.c.s.PostProcessorRegistrationDelegate$BeanPostProcessorChecker - Bean 'org.springframework.transaction.annotation.ProxyTransactionManagementConfiguration' of type [org.springframework.transaction.annotation.ProxyTransactionManagementConfiguration] is not eligible for getting processed by all BeanPostProcessors (for example: not eligible for auto-proxying)
2022-10-18 15:41:06.181 [main] INFO  o.s.boot.web.embedded.tomcat.TomcatWebServer - Tomcat initialized with port(s): 8081 (http)
2022-10-18 15:41:06.207 [main] INFO  org.apache.coyote.http11.Http11NioProtocol - Initializing ProtocolHandler ["http-nio-8081"]
2022-10-18 15:41:06.209 [main] INFO  org.apache.catalina.core.StandardService - Starting service [Tomcat]
2022-10-18 15:41:06.209 [main] INFO  org.apache.catalina.core.StandardEngine - Starting Servlet engine: [Apache Tomcat/9.0.27]
2022-10-18 15:41:06.362 [main] INFO  o.a.c.c.ContainerBase.[Tomcat].[localhost].[/base] - Initializing Spring embedded WebApplicationContext
2022-10-18 15:41:06.362 [main] INFO  org.springframework.web.context.ContextLoader - Root WebApplicationContext: initialization completed in 3384 ms
2022-10-18 15:41:06.989 [main] INFO  com.alibaba.druid.pool.DruidDataSource - {dataSource-1} inited
2022-10-18 15:41:07.097 [Druid-ConnectionPool-Create-127076514] INFO  com.alibaba.druid.pool.DruidAbstractDataSource - {dataSource-1} failContinuous is true
2022-10-18 16:02:34.539 [main] INFO  com.xzkj.smsService.OperatorApplication - Starting SmsApplication on localhost with PID 3105 (/Users/yoca-391/Desktop/works/csp_5G/service/service_sms/target/classes started by yoca-391 in /Users/yoca-391/Desktop/works/csp_5G)
2022-10-18 16:02:34.550 [main] INFO  com.xzkj.smsService.OperatorApplication - The following profiles are active: dev
2022-10-18 16:02:36.557 [main] INFO  o.s.d.r.config.RepositoryConfigurationDelegate - Multiple Spring Data modules found, entering strict repository configuration mode!
2022-10-18 16:02:36.566 [main] INFO  o.s.d.r.config.RepositoryConfigurationDelegate - Bootstrapping Spring Data repositories in DEFAULT mode.
2022-10-18 16:02:36.657 [main] INFO  o.s.d.r.config.RepositoryConfigurationDelegate - Finished Spring Data repository scanning in 20ms. Found 0 repository interfaces.
2022-10-18 16:02:37.602 [main] INFO  o.s.c.s.PostProcessorRegistrationDelegate$BeanPostProcessorChecker - Bean 'org.springframework.transaction.annotation.ProxyTransactionManagementConfiguration' of type [org.springframework.transaction.annotation.ProxyTransactionManagementConfiguration] is not eligible for getting processed by all BeanPostProcessors (for example: not eligible for auto-proxying)
2022-10-18 16:02:38.922 [main] INFO  o.s.boot.web.embedded.tomcat.TomcatWebServer - Tomcat initialized with port(s): 8081 (http)
2022-10-18 16:02:38.949 [main] INFO  org.apache.coyote.http11.Http11NioProtocol - Initializing ProtocolHandler ["http-nio-8081"]
2022-10-18 16:02:38.950 [main] INFO  org.apache.catalina.core.StandardService - Starting service [Tomcat]
2022-10-18 16:02:38.951 [main] INFO  org.apache.catalina.core.StandardEngine - Starting Servlet engine: [Apache Tomcat/9.0.27]
2022-10-18 16:02:39.266 [main] INFO  o.a.c.c.ContainerBase.[Tomcat].[localhost].[/base] - Initializing Spring embedded WebApplicationContext
2022-10-18 16:02:39.266 [main] INFO  org.springframework.web.context.ContextLoader - Root WebApplicationContext: initialization completed in 4597 ms
2022-10-18 16:02:40.295 [main] INFO  org.apache.catalina.core.StandardService - Stopping service [Tomcat]
2022-10-18 16:02:40.338 [main] INFO  o.s.b.a.l.ConditionEvaluationReportLoggingListener - 

Error starting ApplicationContext. To display the conditions report re-run your application with 'debug' enabled.
2022-10-18 16:03:33.694 [main] INFO  com.xzkj.smsService.OperatorApplication - Starting SmsApplication on localhost with PID 3125 (/Users/yoca-391/Desktop/works/csp_5G/service/service_sms/target/classes started by yoca-391 in /Users/yoca-391/Desktop/works/csp_5G)
2022-10-18 16:03:33.701 [main] INFO  com.xzkj.smsService.OperatorApplication - The following profiles are active: dev
2022-10-18 16:03:35.194 [main] INFO  o.s.d.r.config.RepositoryConfigurationDelegate - Multiple Spring Data modules found, entering strict repository configuration mode!
2022-10-18 16:03:35.202 [main] INFO  o.s.d.r.config.RepositoryConfigurationDelegate - Bootstrapping Spring Data repositories in DEFAULT mode.
2022-10-18 16:03:35.261 [main] INFO  o.s.d.r.config.RepositoryConfigurationDelegate - Finished Spring Data repository scanning in 21ms. Found 0 repository interfaces.
2022-10-18 16:03:35.977 [main] INFO  o.s.c.s.PostProcessorRegistrationDelegate$BeanPostProcessorChecker - Bean 'org.springframework.transaction.annotation.ProxyTransactionManagementConfiguration' of type [org.springframework.transaction.annotation.ProxyTransactionManagementConfiguration] is not eligible for getting processed by all BeanPostProcessors (for example: not eligible for auto-proxying)
2022-10-18 16:03:37.150 [main] INFO  o.s.boot.web.embedded.tomcat.TomcatWebServer - Tomcat initialized with port(s): 8081 (http)
2022-10-18 16:03:37.174 [main] INFO  org.apache.coyote.http11.Http11NioProtocol - Initializing ProtocolHandler ["http-nio-8081"]
2022-10-18 16:03:37.175 [main] INFO  org.apache.catalina.core.StandardService - Starting service [Tomcat]
2022-10-18 16:03:37.176 [main] INFO  org.apache.catalina.core.StandardEngine - Starting Servlet engine: [Apache Tomcat/9.0.27]
2022-10-18 16:03:37.320 [main] INFO  o.a.c.c.ContainerBase.[Tomcat].[localhost].[/base] - Initializing Spring embedded WebApplicationContext
2022-10-18 16:03:37.321 [main] INFO  org.springframework.web.context.ContextLoader - Root WebApplicationContext: initialization completed in 3509 ms
2022-10-18 16:03:37.964 [main] INFO  com.alibaba.druid.pool.DruidDataSource - {dataSource-1} inited
2022-10-18 16:03:38.079 [Druid-ConnectionPool-Create-1489870911] INFO  com.alibaba.druid.pool.DruidAbstractDataSource - {dataSource-1} failContinuous is true
2022-10-18 16:05:01.603 [main] INFO  com.xzkj.smsService.OperatorApplication - Starting SmsApplication on localhost with PID 3140 (/Users/yoca-391/Desktop/works/csp_5G/service/service_sms/target/classes started by yoca-391 in /Users/yoca-391/Desktop/works/csp_5G)
2022-10-18 16:05:01.611 [main] INFO  com.xzkj.smsService.OperatorApplication - The following profiles are active: dev
2022-10-18 16:05:02.985 [main] INFO  o.s.d.r.config.RepositoryConfigurationDelegate - Multiple Spring Data modules found, entering strict repository configuration mode!
2022-10-18 16:05:02.991 [main] INFO  o.s.d.r.config.RepositoryConfigurationDelegate - Bootstrapping Spring Data repositories in DEFAULT mode.
2022-10-18 16:05:03.052 [main] INFO  o.s.d.r.config.RepositoryConfigurationDelegate - Finished Spring Data repository scanning in 21ms. Found 0 repository interfaces.
2022-10-18 16:05:03.728 [main] INFO  o.s.c.s.PostProcessorRegistrationDelegate$BeanPostProcessorChecker - Bean 'org.springframework.transaction.annotation.ProxyTransactionManagementConfiguration' of type [org.springframework.transaction.annotation.ProxyTransactionManagementConfiguration] is not eligible for getting processed by all BeanPostProcessors (for example: not eligible for auto-proxying)
2022-10-18 16:05:04.860 [main] INFO  o.s.boot.web.embedded.tomcat.TomcatWebServer - Tomcat initialized with port(s): 8081 (http)
2022-10-18 16:05:04.884 [main] INFO  org.apache.coyote.http11.Http11NioProtocol - Initializing ProtocolHandler ["http-nio-8081"]
2022-10-18 16:05:04.886 [main] INFO  org.apache.catalina.core.StandardService - Starting service [Tomcat]
2022-10-18 16:05:04.886 [main] INFO  org.apache.catalina.core.StandardEngine - Starting Servlet engine: [Apache Tomcat/9.0.27]
2022-10-18 16:05:05.092 [main] INFO  o.a.c.c.ContainerBase.[Tomcat].[localhost].[/base] - Initializing Spring embedded WebApplicationContext
2022-10-18 16:05:05.095 [main] INFO  org.springframework.web.context.ContextLoader - Root WebApplicationContext: initialization completed in 3380 ms
2022-10-18 16:05:05.721 [main] INFO  com.alibaba.druid.pool.DruidDataSource - {dataSource-1} inited
2022-10-18 16:05:05.976 [Druid-ConnectionPool-Create-942649169] INFO  com.alibaba.druid.pool.DruidAbstractDataSource - {dataSource-1} failContinuous is true
2022-10-18 16:06:51.545 [main] INFO  com.xzkj.smsService.OperatorApplication - Starting SmsApplication on localhost with PID 3172 (/Users/yoca-391/Desktop/works/csp_5G/service/service_sms/target/classes started by yoca-391 in /Users/yoca-391/Desktop/works/csp_5G)
2022-10-18 16:06:51.551 [main] INFO  com.xzkj.smsService.OperatorApplication - The following profiles are active: dev
2022-10-18 16:06:52.763 [main] INFO  o.s.d.r.config.RepositoryConfigurationDelegate - Multiple Spring Data modules found, entering strict repository configuration mode!
2022-10-18 16:06:52.766 [main] INFO  o.s.d.r.config.RepositoryConfigurationDelegate - Bootstrapping Spring Data repositories in DEFAULT mode.
2022-10-18 16:06:52.809 [main] INFO  o.s.d.r.config.RepositoryConfigurationDelegate - Finished Spring Data repository scanning in 18ms. Found 0 repository interfaces.
2022-10-18 16:06:53.370 [main] INFO  o.s.c.s.PostProcessorRegistrationDelegate$BeanPostProcessorChecker - Bean 'org.springframework.transaction.annotation.ProxyTransactionManagementConfiguration' of type [org.springframework.transaction.annotation.ProxyTransactionManagementConfiguration] is not eligible for getting processed by all BeanPostProcessors (for example: not eligible for auto-proxying)
2022-10-18 16:06:54.318 [main] INFO  o.s.boot.web.embedded.tomcat.TomcatWebServer - Tomcat initialized with port(s): 8081 (http)
2022-10-18 16:06:54.337 [main] INFO  org.apache.coyote.http11.Http11NioProtocol - Initializing ProtocolHandler ["http-nio-8081"]
2022-10-18 16:06:54.338 [main] INFO  org.apache.catalina.core.StandardService - Starting service [Tomcat]
2022-10-18 16:06:54.339 [main] INFO  org.apache.catalina.core.StandardEngine - Starting Servlet engine: [Apache Tomcat/9.0.27]
2022-10-18 16:06:54.453 [main] INFO  o.a.c.c.ContainerBase.[Tomcat].[localhost].[/base] - Initializing Spring embedded WebApplicationContext
2022-10-18 16:06:54.454 [main] INFO  org.springframework.web.context.ContextLoader - Root WebApplicationContext: initialization completed in 2723 ms
2022-10-18 16:06:55.028 [main] INFO  com.alibaba.druid.pool.DruidDataSource - {dataSource-1} inited
2022-10-18 16:06:56.556 [main] INFO  o.s.scheduling.concurrent.ThreadPoolTaskExecutor - Initializing ExecutorService 'applicationTaskExecutor'
2022-10-18 16:06:58.133 [main] INFO  org.apache.coyote.http11.Http11NioProtocol - Starting ProtocolHandler ["http-nio-8081"]
2022-10-18 16:06:58.211 [main] INFO  o.s.boot.web.embedded.tomcat.TomcatWebServer - Tomcat started on port(s): 8081 (http) with context path '/base'
2022-10-18 16:06:58.216 [main] INFO  com.xzkj.smsService.OperatorApplication - Started SmsApplication in 8.022 seconds (JVM running for 17.805)
2022-10-18 16:07:30.838 [SpringContextShutdownHook] INFO  o.s.scheduling.concurrent.ThreadPoolTaskExecutor - Shutting down ExecutorService 'applicationTaskExecutor'
2022-10-18 16:07:30.840 [SpringContextShutdownHook] INFO  com.alibaba.druid.pool.DruidDataSource - {dataSource-0} closing ...
2022-10-18 16:07:30.841 [SpringContextShutdownHook] INFO  com.alibaba.druid.pool.DruidDataSource - {dataSource-1} closing ...
2022-10-18 16:07:30.847 [SpringContextShutdownHook] INFO  com.alibaba.druid.pool.DruidDataSource - {dataSource-1} closed
2022-10-18 16:07:44.564 [main] INFO  com.xzkj.smsService.OperatorApplication - Starting SmsApplication on localhost with PID 3191 (/Users/yoca-391/Desktop/works/csp_5G/service/service_sms/target/classes started by yoca-391 in /Users/yoca-391/Desktop/works/csp_5G)
2022-10-18 16:07:44.569 [main] INFO  com.xzkj.smsService.OperatorApplication - The following profiles are active: dev
2022-10-18 16:07:45.738 [main] INFO  o.s.d.r.config.RepositoryConfigurationDelegate - Multiple Spring Data modules found, entering strict repository configuration mode!
2022-10-18 16:07:45.742 [main] INFO  o.s.d.r.config.RepositoryConfigurationDelegate - Bootstrapping Spring Data repositories in DEFAULT mode.
2022-10-18 16:07:45.784 [main] INFO  o.s.d.r.config.RepositoryConfigurationDelegate - Finished Spring Data repository scanning in 18ms. Found 0 repository interfaces.
2022-10-18 16:07:46.354 [main] INFO  o.s.c.s.PostProcessorRegistrationDelegate$BeanPostProcessorChecker - Bean 'org.springframework.transaction.annotation.ProxyTransactionManagementConfiguration' of type [org.springframework.transaction.annotation.ProxyTransactionManagementConfiguration] is not eligible for getting processed by all BeanPostProcessors (for example: not eligible for auto-proxying)
2022-10-18 16:07:47.346 [main] INFO  o.s.boot.web.embedded.tomcat.TomcatWebServer - Tomcat initialized with port(s): 8081 (http)
2022-10-18 16:07:47.362 [main] INFO  org.apache.coyote.http11.Http11NioProtocol - Initializing ProtocolHandler ["http-nio-8081"]
2022-10-18 16:07:47.364 [main] INFO  org.apache.catalina.core.StandardService - Starting service [Tomcat]
2022-10-18 16:07:47.364 [main] INFO  org.apache.catalina.core.StandardEngine - Starting Servlet engine: [Apache Tomcat/9.0.27]
2022-10-18 16:07:47.481 [main] INFO  o.a.c.c.ContainerBase.[Tomcat].[localhost].[/base] - Initializing Spring embedded WebApplicationContext
2022-10-18 16:07:47.482 [main] INFO  org.springframework.web.context.ContextLoader - Root WebApplicationContext: initialization completed in 2745 ms
2022-10-18 16:07:48.060 [main] INFO  com.alibaba.druid.pool.DruidDataSource - {dataSource-1} inited
2022-10-18 16:07:48.139 [Druid-ConnectionPool-Create-113653660] INFO  com.alibaba.druid.pool.DruidAbstractDataSource - {dataSource-1} failContinuous is true
2022-10-18 16:14:41.556 [main] INFO  com.xzkj.smsService.OperatorApplication - Starting SmsApplication on localhost with PID 3283 (/Users/yoca-391/Desktop/works/csp_5G/service/service_sms/target/classes started by yoca-391 in /Users/yoca-391/Desktop/works/csp_5G)
2022-10-18 16:14:41.591 [main] INFO  com.xzkj.smsService.OperatorApplication - The following profiles are active: dev
2022-10-18 16:14:42.755 [main] INFO  o.s.d.r.config.RepositoryConfigurationDelegate - Multiple Spring Data modules found, entering strict repository configuration mode!
2022-10-18 16:14:42.759 [main] INFO  o.s.d.r.config.RepositoryConfigurationDelegate - Bootstrapping Spring Data repositories in DEFAULT mode.
2022-10-18 16:14:42.800 [main] INFO  o.s.d.r.config.RepositoryConfigurationDelegate - Finished Spring Data repository scanning in 18ms. Found 0 repository interfaces.
2022-10-18 16:14:43.375 [main] INFO  o.s.c.s.PostProcessorRegistrationDelegate$BeanPostProcessorChecker - Bean 'org.springframework.transaction.annotation.ProxyTransactionManagementConfiguration' of type [org.springframework.transaction.annotation.ProxyTransactionManagementConfiguration] is not eligible for getting processed by all BeanPostProcessors (for example: not eligible for auto-proxying)
2022-10-18 16:14:44.330 [main] INFO  o.s.boot.web.embedded.tomcat.TomcatWebServer - Tomcat initialized with port(s): 8081 (http)
2022-10-18 16:14:44.347 [main] INFO  org.apache.coyote.http11.Http11NioProtocol - Initializing ProtocolHandler ["http-nio-8081"]
2022-10-18 16:14:44.348 [main] INFO  org.apache.catalina.core.StandardService - Starting service [Tomcat]
2022-10-18 16:14:44.349 [main] INFO  org.apache.catalina.core.StandardEngine - Starting Servlet engine: [Apache Tomcat/9.0.27]
2022-10-18 16:14:44.466 [main] INFO  o.a.c.c.ContainerBase.[Tomcat].[localhost].[/base] - Initializing Spring embedded WebApplicationContext
2022-10-18 16:14:44.466 [main] INFO  org.springframework.web.context.ContextLoader - Root WebApplicationContext: initialization completed in 2771 ms
2022-10-18 16:14:45.007 [main] INFO  com.alibaba.druid.pool.DruidDataSource - {dataSource-1} inited
2022-10-18 16:14:45.108 [Druid-ConnectionPool-Create-1091993069] INFO  com.alibaba.druid.pool.DruidAbstractDataSource - {dataSource-1} failContinuous is true
2022-10-18 16:28:34.796 [main] INFO  com.xzkj.smsService.OperatorApplication - Starting SmsApplication on localhost with PID 3375 (/Users/yoca-391/Desktop/works/csp_5G/service/service_sms/target/classes started by yoca-391 in /Users/yoca-391/Desktop/works/csp_5G)
2022-10-18 16:28:34.802 [main] INFO  com.xzkj.smsService.OperatorApplication - The following profiles are active: dev
2022-10-18 16:28:36.051 [main] INFO  o.s.d.r.config.RepositoryConfigurationDelegate - Multiple Spring Data modules found, entering strict repository configuration mode!
2022-10-18 16:28:36.055 [main] INFO  o.s.d.r.config.RepositoryConfigurationDelegate - Bootstrapping Spring Data repositories in DEFAULT mode.
2022-10-18 16:28:36.097 [main] INFO  o.s.d.r.config.RepositoryConfigurationDelegate - Finished Spring Data repository scanning in 18ms. Found 0 repository interfaces.
2022-10-18 16:28:36.648 [main] INFO  o.s.c.s.PostProcessorRegistrationDelegate$BeanPostProcessorChecker - Bean 'org.springframework.transaction.annotation.ProxyTransactionManagementConfiguration' of type [org.springframework.transaction.annotation.ProxyTransactionManagementConfiguration] is not eligible for getting processed by all BeanPostProcessors (for example: not eligible for auto-proxying)
2022-10-18 16:28:37.629 [main] INFO  o.s.boot.web.embedded.tomcat.TomcatWebServer - Tomcat initialized with port(s): 8081 (http)
2022-10-18 16:28:37.645 [main] INFO  org.apache.coyote.http11.Http11NioProtocol - Initializing ProtocolHandler ["http-nio-8081"]
2022-10-18 16:28:37.647 [main] INFO  org.apache.catalina.core.StandardService - Starting service [Tomcat]
2022-10-18 16:28:37.647 [main] INFO  org.apache.catalina.core.StandardEngine - Starting Servlet engine: [Apache Tomcat/9.0.27]
2022-10-18 16:28:37.771 [main] INFO  o.a.c.c.ContainerBase.[Tomcat].[localhost].[/base] - Initializing Spring embedded WebApplicationContext
2022-10-18 16:28:37.771 [main] INFO  org.springframework.web.context.ContextLoader - Root WebApplicationContext: initialization completed in 2776 ms
2022-10-18 16:28:38.311 [main] INFO  com.alibaba.druid.pool.DruidDataSource - {dataSource-1} inited
2022-10-18 16:28:39.387 [main] INFO  o.s.scheduling.concurrent.ThreadPoolTaskExecutor - Initializing ExecutorService 'applicationTaskExecutor'
2022-10-18 16:28:40.440 [main] INFO  org.apache.coyote.http11.Http11NioProtocol - Starting ProtocolHandler ["http-nio-8081"]
2022-10-18 16:28:40.478 [main] INFO  o.s.boot.web.embedded.tomcat.TomcatWebServer - Tomcat started on port(s): 8081 (http) with context path '/base'
2022-10-18 16:28:40.484 [main] INFO  com.xzkj.smsService.OperatorApplication - Started SmsApplication in 6.944 seconds (JVM running for 15.711)
2022-10-18 16:30:35.969 [http-nio-8081-exec-1] INFO  o.a.c.c.ContainerBase.[Tomcat].[localhost].[/base] - Initializing Spring DispatcherServlet 'dispatcherServlet'
2022-10-18 16:30:35.973 [http-nio-8081-exec-1] INFO  org.springframework.web.servlet.DispatcherServlet - Initializing Servlet 'dispatcherServlet'
2022-10-18 16:30:36.227 [http-nio-8081-exec-1] INFO  org.springframework.web.servlet.DispatcherServlet - Completed initialization in 253 ms
2022-10-18 16:30:36.953 [http-nio-8081-exec-1] INFO  com.xzkj.smsService.controller.TUserController - [TUser(id=1, name=lmh, age=18, createTime=Wed Oct 12 17:02:47 CST 2022, updateTime=null), TUser(id=2, name=yy, age=19, createTime=Wed Oct 12 17:03:07 CST 2022, updateTime=null)]
2022-10-18 16:32:14.113 [SpringContextShutdownHook] INFO  o.s.scheduling.concurrent.ThreadPoolTaskExecutor - Shutting down ExecutorService 'applicationTaskExecutor'
2022-10-18 16:32:14.119 [SpringContextShutdownHook] INFO  com.alibaba.druid.pool.DruidDataSource - {dataSource-0} closing ...
2022-10-18 16:32:14.120 [SpringContextShutdownHook] INFO  com.alibaba.druid.pool.DruidDataSource - {dataSource-1} closing ...
2022-10-18 16:32:14.136 [SpringContextShutdownHook] INFO  com.alibaba.druid.pool.DruidDataSource - {dataSource-1} closed
2022-10-18 16:32:27.831 [main] INFO  com.xzkj.smsService.OperatorApplication - Starting SmsApplication on localhost with PID 3443 (/Users/yoca-391/Desktop/works/csp_5G/service/service_sms/target/classes started by yoca-391 in /Users/yoca-391/Desktop/works/csp_5G)
2022-10-18 16:32:27.836 [main] INFO  com.xzkj.smsService.OperatorApplication - The following profiles are active: dev
2022-10-18 16:32:29.032 [main] INFO  o.s.d.r.config.RepositoryConfigurationDelegate - Multiple Spring Data modules found, entering strict repository configuration mode!
2022-10-18 16:32:29.036 [main] INFO  o.s.d.r.config.RepositoryConfigurationDelegate - Bootstrapping Spring Data repositories in DEFAULT mode.
2022-10-18 16:32:29.079 [main] INFO  o.s.d.r.config.RepositoryConfigurationDelegate - Finished Spring Data repository scanning in 19ms. Found 0 repository interfaces.
2022-10-18 16:32:29.628 [main] INFO  o.s.c.s.PostProcessorRegistrationDelegate$BeanPostProcessorChecker - Bean 'org.springframework.transaction.annotation.ProxyTransactionManagementConfiguration' of type [org.springframework.transaction.annotation.ProxyTransactionManagementConfiguration] is not eligible for getting processed by all BeanPostProcessors (for example: not eligible for auto-proxying)
2022-10-18 16:32:30.976 [main] INFO  o.s.boot.web.embedded.tomcat.TomcatWebServer - Tomcat initialized with port(s): 8081 (http)
2022-10-18 16:32:30.998 [main] INFO  org.apache.coyote.http11.Http11NioProtocol - Initializing ProtocolHandler ["http-nio-8081"]
2022-10-18 16:32:30.999 [main] INFO  org.apache.catalina.core.StandardService - Starting service [Tomcat]
2022-10-18 16:32:31.000 [main] INFO  org.apache.catalina.core.StandardEngine - Starting Servlet engine: [Apache Tomcat/9.0.27]
2022-10-18 16:32:31.143 [main] INFO  o.a.c.c.ContainerBase.[Tomcat].[localhost].[/base] - Initializing Spring embedded WebApplicationContext
2022-10-18 16:32:31.144 [main] INFO  org.springframework.web.context.ContextLoader - Root WebApplicationContext: initialization completed in 3131 ms
2022-10-18 16:32:31.890 [main] INFO  com.alibaba.druid.pool.DruidDataSource - {dataSource-1} inited
2022-10-18 16:32:33.141 [main] INFO  o.s.scheduling.concurrent.ThreadPoolTaskExecutor - Initializing ExecutorService 'applicationTaskExecutor'
2022-10-18 16:32:34.248 [main] INFO  org.apache.coyote.http11.Http11NioProtocol - Starting ProtocolHandler ["http-nio-8081"]
2022-10-18 16:32:34.287 [main] INFO  o.s.boot.web.embedded.tomcat.TomcatWebServer - Tomcat started on port(s): 8081 (http) with context path '/base'
2022-10-18 16:32:34.292 [main] INFO  com.xzkj.smsService.OperatorApplication - Started SmsApplication in 7.723 seconds (JVM running for 16.813)
2022-10-18 16:33:09.566 [http-nio-8081-exec-1] INFO  o.a.c.c.ContainerBase.[Tomcat].[localhost].[/base] - Initializing Spring DispatcherServlet 'dispatcherServlet'
2022-10-18 16:33:09.567 [http-nio-8081-exec-1] INFO  org.springframework.web.servlet.DispatcherServlet - Initializing Servlet 'dispatcherServlet'
2022-10-18 16:33:09.581 [http-nio-8081-exec-1] INFO  org.springframework.web.servlet.DispatcherServlet - Completed initialization in 14 ms
2022-10-18 16:33:09.795 [http-nio-8081-exec-1] INFO  com.xzkj.smsService.controller.TUserController - [TUser(id=1, name=lmh, age=18, createTime=Wed Oct 12 17:02:47 CST 2022, updateTime=null), TUser(id=2, name=yy, age=19, createTime=Wed Oct 12 17:03:07 CST 2022, updateTime=null)]
2022-10-18 16:38:25.432 [SpringContextShutdownHook] INFO  o.s.scheduling.concurrent.ThreadPoolTaskExecutor - Shutting down ExecutorService 'applicationTaskExecutor'
2022-10-18 16:38:25.453 [SpringContextShutdownHook] INFO  com.alibaba.druid.pool.DruidDataSource - {dataSource-0} closing ...
2022-10-18 16:38:25.454 [SpringContextShutdownHook] INFO  com.alibaba.druid.pool.DruidDataSource - {dataSource-1} closing ...
2022-10-18 16:38:25.473 [SpringContextShutdownHook] INFO  com.alibaba.druid.pool.DruidDataSource - {dataSource-1} closed
2022-10-18 16:38:40.075 [main] INFO  com.xzkj.smsService.OperatorApplication - Starting SmsApplication on localhost with PID 3485 (/Users/yoca-391/Desktop/works/csp_5G/service/service_sms/target/classes started by yoca-391 in /Users/yoca-391/Desktop/works/csp_5G)
2022-10-18 16:38:40.080 [main] INFO  com.xzkj.smsService.OperatorApplication - The following profiles are active: dev
2022-10-18 16:38:41.293 [main] INFO  o.s.d.r.config.RepositoryConfigurationDelegate - Multiple Spring Data modules found, entering strict repository configuration mode!
2022-10-18 16:38:41.299 [main] INFO  o.s.d.r.config.RepositoryConfigurationDelegate - Bootstrapping Spring Data repositories in DEFAULT mode.
2022-10-18 16:38:41.346 [main] INFO  o.s.d.r.config.RepositoryConfigurationDelegate - Finished Spring Data repository scanning in 20ms. Found 0 repository interfaces.
2022-10-18 16:38:41.980 [main] INFO  o.s.c.s.PostProcessorRegistrationDelegate$BeanPostProcessorChecker - Bean 'org.springframework.transaction.annotation.ProxyTransactionManagementConfiguration' of type [org.springframework.transaction.annotation.ProxyTransactionManagementConfiguration] is not eligible for getting processed by all BeanPostProcessors (for example: not eligible for auto-proxying)
2022-10-18 16:38:42.952 [main] INFO  o.s.boot.web.embedded.tomcat.TomcatWebServer - Tomcat initialized with port(s): 8081 (http)
2022-10-18 16:38:42.969 [main] INFO  org.apache.coyote.http11.Http11NioProtocol - Initializing ProtocolHandler ["http-nio-8081"]
2022-10-18 16:38:42.971 [main] INFO  org.apache.catalina.core.StandardService - Starting service [Tomcat]
2022-10-18 16:38:42.971 [main] INFO  org.apache.catalina.core.StandardEngine - Starting Servlet engine: [Apache Tomcat/9.0.27]
2022-10-18 16:38:43.091 [main] INFO  o.a.c.c.ContainerBase.[Tomcat].[localhost].[/base] - Initializing Spring embedded WebApplicationContext
2022-10-18 16:38:43.092 [main] INFO  org.springframework.web.context.ContextLoader - Root WebApplicationContext: initialization completed in 2841 ms
2022-10-18 16:38:43.647 [main] INFO  com.alibaba.druid.pool.DruidDataSource - {dataSource-1} inited
2022-10-18 16:38:44.764 [main] INFO  o.s.scheduling.concurrent.ThreadPoolTaskExecutor - Initializing ExecutorService 'applicationTaskExecutor'
2022-10-18 16:38:45.847 [main] INFO  org.apache.coyote.http11.Http11NioProtocol - Starting ProtocolHandler ["http-nio-8081"]
2022-10-18 16:38:45.891 [main] INFO  o.s.boot.web.embedded.tomcat.TomcatWebServer - Tomcat started on port(s): 8081 (http) with context path '/base'
2022-10-18 16:38:45.897 [main] INFO  com.xzkj.smsService.OperatorApplication - Started SmsApplication in 7.177 seconds (JVM running for 16.692)
2022-10-18 16:40:56.913 [SpringContextShutdownHook] INFO  o.s.scheduling.concurrent.ThreadPoolTaskExecutor - Shutting down ExecutorService 'applicationTaskExecutor'
2022-10-18 16:40:56.920 [SpringContextShutdownHook] INFO  com.alibaba.druid.pool.DruidDataSource - {dataSource-0} closing ...
2022-10-18 16:40:56.921 [SpringContextShutdownHook] INFO  com.alibaba.druid.pool.DruidDataSource - {dataSource-1} closing ...
2022-10-18 16:40:56.938 [SpringContextShutdownHook] INFO  com.alibaba.druid.pool.DruidDataSource - {dataSource-1} closed
2022-10-18 16:41:09.524 [main] INFO  com.xzkj.smsService.OperatorApplication - Starting SmsApplication on localhost with PID 3500 (/Users/yoca-391/Desktop/works/csp_5G/service/service_sms/target/classes started by yoca-391 in /Users/yoca-391/Desktop/works/csp_5G)
2022-10-18 16:41:09.528 [main] INFO  com.xzkj.smsService.OperatorApplication - The following profiles are active: dev
2022-10-18 16:41:10.682 [main] INFO  o.s.d.r.config.RepositoryConfigurationDelegate - Multiple Spring Data modules found, entering strict repository configuration mode!
2022-10-18 16:41:10.686 [main] INFO  o.s.d.r.config.RepositoryConfigurationDelegate - Bootstrapping Spring Data repositories in DEFAULT mode.
2022-10-18 16:41:10.727 [main] INFO  o.s.d.r.config.RepositoryConfigurationDelegate - Finished Spring Data repository scanning in 17ms. Found 0 repository interfaces.
2022-10-18 16:41:11.269 [main] INFO  o.s.c.s.PostProcessorRegistrationDelegate$BeanPostProcessorChecker - Bean 'org.springframework.transaction.annotation.ProxyTransactionManagementConfiguration' of type [org.springframework.transaction.annotation.ProxyTransactionManagementConfiguration] is not eligible for getting processed by all BeanPostProcessors (for example: not eligible for auto-proxying)
2022-10-18 16:41:12.215 [main] INFO  o.s.boot.web.embedded.tomcat.TomcatWebServer - Tomcat initialized with port(s): 8081 (http)
2022-10-18 16:41:12.232 [main] INFO  org.apache.coyote.http11.Http11NioProtocol - Initializing ProtocolHandler ["http-nio-8081"]
2022-10-18 16:41:12.233 [main] INFO  org.apache.catalina.core.StandardService - Starting service [Tomcat]
2022-10-18 16:41:12.234 [main] INFO  org.apache.catalina.core.StandardEngine - Starting Servlet engine: [Apache Tomcat/9.0.27]
2022-10-18 16:41:12.372 [main] INFO  o.a.c.c.ContainerBase.[Tomcat].[localhost].[/base] - Initializing Spring embedded WebApplicationContext
2022-10-18 16:41:12.372 [main] INFO  org.springframework.web.context.ContextLoader - Root WebApplicationContext: initialization completed in 2674 ms
2022-10-18 16:41:12.908 [main] INFO  com.alibaba.druid.pool.DruidDataSource - {dataSource-1} inited
2022-10-18 16:41:14.037 [main] INFO  o.s.scheduling.concurrent.ThreadPoolTaskExecutor - Initializing ExecutorService 'applicationTaskExecutor'
2022-10-18 16:41:15.119 [main] INFO  org.apache.coyote.http11.Http11NioProtocol - Starting ProtocolHandler ["http-nio-8081"]
2022-10-18 16:41:15.158 [main] INFO  o.s.boot.web.embedded.tomcat.TomcatWebServer - Tomcat started on port(s): 8081 (http) with context path '/base'
2022-10-18 16:41:15.164 [main] INFO  com.xzkj.smsService.OperatorApplication - Started SmsApplication in 6.913 seconds (JVM running for 15.832)
2022-10-18 16:41:23.739 [http-nio-8081-exec-2] INFO  o.a.c.c.ContainerBase.[Tomcat].[localhost].[/base] - Initializing Spring DispatcherServlet 'dispatcherServlet'
2022-10-18 16:41:23.740 [http-nio-8081-exec-2] INFO  org.springframework.web.servlet.DispatcherServlet - Initializing Servlet 'dispatcherServlet'
2022-10-18 16:41:23.860 [http-nio-8081-exec-2] INFO  org.springframework.web.servlet.DispatcherServlet - Completed initialization in 118 ms
2022-10-18 16:41:24.255 [http-nio-8081-exec-2] INFO  com.xzkj.smsService.controller.TUserController - [TUser(id=1, name=lmh, age=18, createTime=Wed Oct 12 17:02:47 CST 2022, updateTime=null), TUser(id=2, name=yy, age=19, createTime=Wed Oct 12 17:03:07 CST 2022, updateTime=null)]
2022-10-18 17:02:50.568 [SpringContextShutdownHook] INFO  o.s.scheduling.concurrent.ThreadPoolTaskExecutor - Shutting down ExecutorService 'applicationTaskExecutor'
2022-10-18 17:02:50.573 [SpringContextShutdownHook] INFO  com.alibaba.druid.pool.DruidDataSource - {dataSource-0} closing ...
2022-10-18 17:02:50.574 [SpringContextShutdownHook] INFO  com.alibaba.druid.pool.DruidDataSource - {dataSource-1} closing ...
2022-10-18 17:02:50.590 [SpringContextShutdownHook] INFO  com.alibaba.druid.pool.DruidDataSource - {dataSource-1} closed
